Jan 30 20:12 : config: option 'device' on line 12 was not recognized
Jan 30 20:12 : update: added /Akogare.mp3
Jan 30 20:12 : update: added /Alone.mp3
Jan 30 20:12 : update: added /Dango Daikazoku.mp3
Jan 30 20:12 : update: added /Hakari (Acoustic) - Instrumental.mp3
Jan 30 20:12 : update: added /Hinode.mp3
Jan 30 20:12 : update: added /Hurry, Starfish.mp3
Jan 30 20:12 : update: added /Ishin denshin.mp3
Jan 30 20:12 : update: added /Kamado Tanjiro No Uta.mp3
Jan 30 20:12 : update: added /Komeroshi.mp3
Jan 30 20:12 : update: added /Komorebi.mp3
Jan 30 20:12 : update: added /Megumeru (From _Clannad The Motion Picture_).mp3
Jan 30 20:12 : update: added /Mono No Aware.mp3
Jan 30 20:12 : update: added /Nagisa_ Parting At The Foot Of The Hill [Warm Piano Arrange] (From _Clannad_).mp3
Jan 30 20:12 : update: added /Omotenashi.mp3
Jan 30 20:12 : update: added /Oubaitori.mp3
Jan 30 20:12 : update: added /Roaring Tides.mp3
Jan 30 20:12 : update: added /Sakura.mp3
Jan 30 20:12 : update: added /Setsunai.mp3
Jan 30 20:12 : update: added /Shining In The Sky.mp3
Jan 30 20:12 : update: added /Shinrin-yoku.mp3
Jan 30 20:12 : update: added /Shirohae.mp3
Jan 30 20:12 : update: added /Shoganai.mp3
Jan 30 20:12 : update: added /Snowfield (Clannad Original Soundtrack).mp3
Jan 30 20:12 : update: added /Sora ni Hikaru (From _Clannad_).mp3
Jan 30 20:12 : update: added /Spring Wind (Clannad).mp3
Jan 30 20:12 : update: added /tea party in the reference room.mp3
Jan 30 20:12 : update: added /The Place Where Wishes Come True.mp3
Jan 30 20:12 : update: added /Toki Wo Kizamu Uta (From _Clannad After Story_).mp3
Jan 30 20:12 : update: added /to the same heights.mp3
Jan 30 20:12 : update: added /Ukiyo.mp3
Jan 30 20:12 : update: added /Ushio.mp3
Jan 30 20:12 : update: added /WHITE ALBUM.mp3
Jan 30 20:12 : update: added /Yugen.mp3
Jan 30 20:12 : update: added /神様はじめました.mp3
Jan 30 20:12 : config: option 'device' on line 12 was not recognized
Jan 30 20:12 : exception: Stored playlists are disabled
Jan 30 20:16 : player: played "神様はじめました.mp3"
Jan 30 20:23 : player: played "Hakari (Acoustic) - Instrumental.mp3"
Jan 30 20:25 : player: played "WHITE ALBUM.mp3"
Jan 30 20:25 : config: option 'device' on line 12 was not recognized
Jan 30 20:25 : update: added /Akogare.mp3
Jan 30 20:25 : update: added /Alone.mp3
Jan 30 20:25 : update: added /Hinode.mp3
Jan 30 20:25 : update: added /Komeroshi.mp3
Jan 30 20:25 : update: added /Komorebi.mp3
Jan 30 20:25 : update: added /Omotenashi.mp3
Jan 30 20:25 : update: added /Oubaitori.mp3
Jan 30 20:25 : update: added /Sakura.mp3
Jan 30 20:25 : update: added /Setsunai.mp3
Jan 30 20:25 : update: added /Shinrin-yoku.mp3
Jan 30 20:25 : update: added /Shirohae.mp3
Jan 30 20:25 : update: added /Shoganai.mp3
Jan 30 20:25 : update: added /Ukiyo.mp3
Jan 30 20:25 : update: added /Ushio.mp3
Jan 30 20:25 : update: added /Yugen.mp3
Jan 30 20:25 : update: added /神様はじめました.mp3
Jan 30 20:25 : update: added /Dango_Daikazoku.mp3
Jan 30 20:25 : update: added /Hakari_(Acoustic)_-_Instrumental.mp3
Jan 30 20:25 : update: added /Hurry,_Starfish.mp3
Jan 30 20:25 : update: added /Ishin_denshin.mp3
Jan 30 20:25 : update: added /Kamado_Tanjiro_No_Uta.mp3
Jan 30 20:25 : update: added /Megumeru_(From__Clannad_The_Motion_Picture_).mp3
Jan 30 20:25 : update: added /Mono_No_Aware.mp3
Jan 30 20:25 : update: added /Nagisa__Parting_At_The_Foot_Of_The_Hill_[Warm_Piano_Arrange]_(From__Clannad_).mp3
Jan 30 20:25 : update: added /Roaring_Tides.mp3
Jan 30 20:25 : update: added /Shining_In_The_Sky.mp3
Jan 30 20:25 : update: added /Snowfield_(Clannad_Original_Soundtrack).mp3
Jan 30 20:25 : update: added /Sora_ni_Hikaru_(From__Clannad_).mp3
Jan 30 20:25 : update: added /Spring_Wind_(Clannad).mp3
Jan 30 20:25 : update: added /tea_party_in_the_reference_room.mp3
Jan 30 20:25 : update: added /The_Place_Where_Wishes_Come_True.mp3
Jan 30 20:25 : update: added /Toki_Wo_Kizamu_Uta_(From__Clannad_After_Story_).mp3
Jan 30 20:25 : update: added /to_the_same_heights.mp3
Jan 30 20:25 : update: added /WHITE_ALBUM.mp3
Jan 30 20:26 : config: option 'device' on line 12 was not recognized
Jan 30 20:26 : exception: Stored playlists are disabled
Jan 30 20:29 : player: played "神様はじめました.mp3"
Jan 30 20:33 : player: played "Ishin_denshin.mp3"
Jan 30 20:35 : player: played "The_Place_Where_Wishes_Come_True.mp3"
Jan 30 20:41 : player: played "Snowfield_(Clannad_Original_Soundtrack).mp3"
Jan 30 20:44 : player: played "神様はじめました.mp3"
Jan 31 20:19 : config: option 'device' on line 12 was not recognized
Jan 31 20:30 : player: played "神様はじめました.mp3"
Jan 31 20:32 : player: played "Shirohae.mp3"
Jan 31 20:35 : player: played "Hinode.mp3"
Jan 31 20:37 : player: played "Alone.mp3"
Jan 31 20:40 : player: played "Dango_Daikazoku.mp3"
Jan 31 20:43 : player: played "tea_party_in_the_reference_room.mp3"
Jan 31 20:50 : player: played "Ukiyo.mp3"
Jan 31 20:53 : player: played "Setsunai.mp3"
Jan 31 20:54 : player: played "Akogare.mp3"
Jan 31 20:58 : player: played "Komorebi.mp3"
Jan 31 21:00 : player: played "Hurry,_Starfish.mp3"
Jan 31 21:05 : player: played "Snowfield_(Clannad_Original_Soundtrack).mp3"
Feb 01 13:04 : config: option 'device' on line 12 was not recognized
Feb 01 15:06 : player: played "Yugen.mp3"
Feb 01 15:09 : player: played "Ishin_denshin.mp3"
Feb 01 15:13 : player: played "Sora_ni_Hikaru_(From__Clannad_).mp3"
Feb 01 15:17 : player: played "Komorebi.mp3"
Feb 01 15:21 : player: played "Hinode.mp3"
Feb 01 15:22 : player: played "Akogare.mp3"
Feb 01 15:24 : player: played "Alone.mp3"
Feb 01 15:29 : player: played "WHITE_ALBUM.mp3"
Feb 01 15:31 : player: played "to_the_same_heights.mp3"
Feb 01 15:35 : player: played "Sakura.mp3"
Feb 01 15:39 : player: played "Shoganai.mp3"
Feb 01 15:44 : exception: Stored playlists are disabled
Feb 01 15:48 : player: played "神様はじめました.mp3"
Feb 01 15:49 : player: played "Akogare.mp3"
Feb 01 15:52 : player: played "神様はじめました.mp3"
Feb 01 15:53 : player: played "Akogare.mp3"
Feb 01 15:55 : player: played "Alone.mp3"
Feb 01 16:00 : exception: Stored playlists are disabled
Feb 01 16:05 : player: played "WHITE_ALBUM.mp3"
Feb 01 16:07 : player: played "to_the_same_heights.mp3"
Feb 01 16:11 : player: played "Sakura.mp3"
Feb 01 16:15 : player: played "Shoganai.mp3"
Feb 01 16:18 : player: played "Komeroshi.mp3"
Feb 01 16:21 : player: played "Hurry,_Starfish.mp3"
Feb 01 16:23 : player: played "Shirohae.mp3"
Feb 01 16:27 : player: played "Spring_Wind_(Clannad).mp3"
Feb 01 16:28 : player: played "Ushio.mp3"
Feb 01 16:31 : player: played "Oubaitori.mp3"
Feb 01 16:35 : player: played "Mono_No_Aware.mp3"
Feb 01 16:38 : player: played "Setsunai.mp3"
Feb 01 16:47 : player: played "Omotenashi.mp3"
Feb 01 20:50 : config: option 'device' on line 12 was not recognized
Feb 01 20:50 : player: played "Omotenashi.mp3"
Feb 01 20:52 : config: option 'device' on line 12 was not recognized
Feb 01 21:04 : player: played "Omotenashi.mp3"
Feb 02 10:19 : config: option 'device' on line 12 was not recognized
Feb 02 12:06 : exception: Stored playlists are disabled
Feb 02 12:07 : player: played "to_the_same_heights.mp3"
Feb 02 12:12 : player: played "Snowfield_(Clannad_Original_Soundtrack).mp3"
Feb 02 12:16 : player: played "Mono_No_Aware.mp3"
Feb 02 12:19 : player: played "Hurry,_Starfish.mp3"
Feb 02 12:23 : player: played "Toki_Wo_Kizamu_Uta_(From__Clannad_After_Story_).mp3"
Feb 02 12:27 : player: played "神様はじめました.mp3"
Feb 02 12:30 : player: played "Roaring_Tides.mp3"
Feb 02 12:33 : player: played "Oubaitori.mp3"
Feb 02 12:36 : player: played "Setsunai.mp3"
Feb 02 12:39 : player: played "Komorebi.mp3"
Feb 02 12:42 : player: played "Yugen.mp3"
Feb 02 12:47 : player: played "WHITE_ALBUM.mp3"
Feb 02 12:50 : player: played "Omotenashi.mp3"
Feb 02 12:53 : player: played "Ukiyo.mp3"
Feb 02 12:55 : player: played "Kamado_Tanjiro_No_Uta.mp3"
Feb 02 13:00 : player: played "Sora_ni_Hikaru_(From__Clannad_).mp3"
Feb 02 13:03 : player: played "Spring_Wind_(Clannad).mp3"
Feb 02 13:05 : output: Failed to play on "pulse audio" (pulse): disconnected
Feb 02 13:05 : player: played "tea_party_in_the_reference_room.mp3"
Feb 02 13:07 : config: option 'device' on line 12 was not recognized
Feb 02 13:07 : player: played "tea_party_in_the_reference_room.mp3"
Feb 02 13:11 : player: played "神様はじめました.mp3"
Feb 02 13:13 : player: played "Hinode.mp3"
Feb 02 13:16 : exception: Stored playlists are disabled
Feb 02 13:17 : player: played "Omotenashi.mp3"
Feb 02 13:20 : player: played "Komorebi.mp3"
Feb 02 13:22 : player: played "Alone.mp3"
Feb 02 13:26 : player: played "Sora_ni_Hikaru_(From__Clannad_).mp3"
Feb 02 13:45 : player: played "Snowfield_(Clannad_Original_Soundtrack).mp3"
Feb 02 13:47 : player: played "Shirohae.mp3"
Feb 02 13:50 : player: played "Setsunai.mp3"
Feb 02 13:54 : player: played "Roaring_Tides.mp3"
Feb 02 13:57 : player: played "Yugen.mp3"
Feb 02 14:02 : player: played "Nagisa__Parting_At_The_Foot_Of_The_Hill_[Warm_Piano_Arrange]_(From__Clannad_).mp3"
Feb 02 14:04 : player: played "Shinrin-yoku.mp3"
Feb 02 14:07 : player: played "Ishin_denshin.mp3"
Feb 02 14:12 : player: played "WHITE_ALBUM.mp3"
Feb 02 17:14 : player: played "to_the_same_heights.mp3"
Feb 02 17:17 : player: played "Hakari_(Acoustic)_-_Instrumental.mp3"
Feb 02 17:20 : player: played "Spring_Wind_(Clannad).mp3"
Feb 02 17:23 : player: played "Ukiyo.mp3"
Feb 02 17:28 : player: played "Sakura.mp3"
Feb 02 17:32 : player: played "Mono_No_Aware.mp3"
Feb 02 18:01 : player: played "The_Place_Where_Wishes_Come_True.mp3"
Feb 03 17:07 : config: option 'device' on line 12 was not recognized
Feb 03 18:18 : player: played "Shinrin-yoku.mp3"
Feb 03 18:21 : player: played "Shirohae.mp3"
Feb 03 18:25 : player: played "Sakura.mp3"
Feb 03 18:27 : player: played "Kamado_Tanjiro_No_Uta.mp3"
Feb 03 18:30 : player: played "神様はじめました.mp3"
Feb 03 18:34 : player: played "Shoganai.mp3"
Feb 03 18:37 : player: played "Roaring_Tides.mp3"
Feb 03 18:40 : player: played "Oubaitori.mp3"
Feb 03 18:44 : player: played "Mono_No_Aware.mp3"
Feb 03 18:51 : player: played "Dango_Daikazoku.mp3"
Feb 03 18:54 : player: played "Ushio.mp3"
Feb 03 18:57 : player: played "Hinode.mp3"
Feb 03 19:00 : player: played "Ishin_denshin.mp3"
Feb 03 19:03 : player: played "Hurry,_Starfish.mp3"
Feb 03 19:06 : player: played "Komeroshi.mp3"
Feb 03 19:11 : player: played "Shining_In_The_Sky.mp3"
Feb 03 19:14 : player: played "tea_party_in_the_reference_room.mp3"
Feb 03 19:18 : player: played "Nagisa__Parting_At_The_Foot_Of_The_Hill_[Warm_Piano_Arrange]_(From__Clannad_).mp3"
Feb 03 19:20 : player: played "Toki_Wo_Kizamu_Uta_(From__Clannad_After_Story_).mp3"
Feb 03 19:23 : player: played "Komorebi.mp3"
Feb 03 19:27 : player: played "Spring_Wind_(Clannad).mp3"
Feb 03 19:32 : player: played "Snowfield_(Clannad_Original_Soundtrack).mp3"
Feb 03 19:35 : player: played "Setsunai.mp3"
Feb 03 19:36 : player: played "Akogare.mp3"
Feb 03 19:39 : player: played "Ukiyo.mp3"
Feb 03 19:43 : player: played "Ukiyo.mp3"
Feb 03 19:46 : player: played "Omotenashi.mp3"
Feb 03 19:50 : player: played "Megumeru_(From__Clannad_The_Motion_Picture_).mp3"
Feb 03 19:54 : player: played "Yugen.mp3"
Feb 03 19:56 : player: played "Alone.mp3"
Feb 03 20:00 : player: played "Spring_Wind_(Clannad).mp3"
Feb 03 20:04 : player: played "Ukiyo.mp3"
Feb 03 20:05 : player: played "Alone.mp3"
Feb 03 20:19 : player: played "Akogare.mp3"
Feb 03 20:22 : player: played "Hinode.mp3"
Feb 03 20:25 : player: played "Yugen.mp3"
Feb 03 20:28 : player: played "Setsunai.mp3"
Feb 03 20:30 : player: played "Toki_Wo_Kizamu_Uta_(From__Clannad_After_Story_).mp3"
Feb 03 20:33 : player: played "Shoganai.mp3"
Feb 03 20:37 : player: played "Mono_No_Aware.mp3"
Feb 03 20:40 : player: played "Hakari_(Acoustic)_-_Instrumental.mp3"
Feb 03 21:02 : player: played "Shining_In_The_Sky.mp3"
Feb 04 17:07 : config: option 'device' on line 12 was not recognized
Feb 04 21:03 : player: played "Shining_In_The_Sky.mp3"
Feb 05 19:41 : config: option 'device' on line 12 was not recognized
Feb 05 21:05 : player: played "Shining_In_The_Sky.mp3"
Feb 06 16:53 : config: option 'device' on line 12 was not recognized
Feb 06 18:28 : player: played "Shining_In_The_Sky.mp3"
Feb 06 17:35 : config: option 'device' on line 12 was not recognized
Feb 06 21:13 : player: played "Shining_In_The_Sky.mp3"
Feb 07 19:33 : config: option 'device' on line 12 was not recognized
Feb 07 21:06 : player: played "Shining_In_The_Sky.mp3"
Feb 08 11:08 : config: option 'device' on line 12 was not recognized
Feb 08 12:01 : player: played "Sora_ni_Hikaru_(From__Clannad_).mp3"
Feb 08 12:05 : player: played "Nagisa__Parting_At_The_Foot_Of_The_Hill_[Warm_Piano_Arrange]_(From__Clannad_).mp3"
Feb 08 12:07 : player: played "Toki_Wo_Kizamu_Uta_(From__Clannad_After_Story_).mp3"
Feb 08 12:09 : player: played "Kamado_Tanjiro_No_Uta.mp3"
Feb 08 12:11 : player: played "Alone.mp3"
Feb 08 12:14 : player: played "Dango_Daikazoku.mp3"
Feb 08 12:17 : player: played "Hurry,_Starfish.mp3"
Feb 08 12:18 : player: played "Megumeru_(From__Clannad_The_Motion_Picture_).mp3"
Feb 08 12:21 : player: played "Hakari_(Acoustic)_-_Instrumental.mp3"
Feb 08 12:25 : player: played "Komorebi.mp3"
Feb 08 12:29 : player: played "Mono_No_Aware.mp3"
Feb 08 12:32 : player: played "Roaring_Tides.mp3"
Feb 08 12:36 : player: played "Sakura.mp3"
Feb 08 12:41 : player: played "Shining_In_The_Sky.mp3"
Feb 08 12:42 : player: played "Akogare.mp3"
Feb 08 12:45 : player: played "Hinode.mp3"
Feb 08 12:48 : player: played "Ishin_denshin.mp3"
Feb 08 12:51 : player: played "Omotenashi.mp3"
Feb 08 12:54 : player: played "Oubaitori.mp3"
Feb 08 12:57 : player: played "Setsunai.mp3"
Feb 08 12:59 : player: played "Shinrin-yoku.mp3"
Feb 08 13:02 : player: played "Shirohae.mp3"
Feb 08 13:05 : player: played "Komeroshi.mp3"
Feb 08 13:09 : player: played "Shoganai.mp3"
Feb 08 13:15 : player: played "Ukiyo.mp3"
Feb 08 13:17 : player: played "Ushio.mp3"
Feb 08 13:21 : player: played "WHITE_ALBUM.mp3"
Feb 08 13:27 : player: played "Dango_Daikazoku.mp3"
Feb 08 13:29 : player: played "Hurry,_Starfish.mp3"
Feb 08 13:31 : player: played "Megumeru_(From__Clannad_The_Motion_Picture_).mp3"
Feb 08 15:12 : player: played "Hakari_(Acoustic)_-_Instrumental.mp3"
Feb 08 15:15 : player: played "Komorebi.mp3"
Feb 08 15:19 : player: played "Mono_No_Aware.mp3"
Feb 08 15:23 : player: played "Roaring_Tides.mp3"
Feb 08 15:27 : player: played "Sakura.mp3"
Feb 08 15:32 : player: played "Shining_In_The_Sky.mp3"
Feb 08 15:33 : player: played "Akogare.mp3"
Feb 08 15:36 : player: played "Hinode.mp3"
Feb 08 15:39 : player: played "Ishin_denshin.mp3"
Feb 08 15:42 : player: played "Omotenashi.mp3"
Feb 08 15:45 : player: played "Oubaitori.mp3"
Feb 08 15:48 : player: played "Setsunai.mp3"
Feb 08 15:50 : player: played "Shinrin-yoku.mp3"
Feb 08 15:53 : player: played "Shirohae.mp3"
Feb 08 15:56 : player: played "Komeroshi.mp3"
Feb 08 15:59 : player: played "Shoganai.mp3"
Feb 08 16:05 : player: played "Snowfield_(Clannad_Original_Soundtrack).mp3"
Feb 08 16:08 : player: played "Spring_Wind_(Clannad).mp3"
Feb 08 16:11 : player: played "tea_party_in_the_reference_room.mp3"
Feb 08 16:14 : player: played "The_Place_Where_Wishes_Come_True.mp3"
Feb 08 18:09 : player: played "Alone.mp3"
Feb 09 15:22 : config: option 'device' on line 12 was not recognized
Feb 09 15:25 : player: played "Alone.mp3"
Feb 09 15:28 : player: played "Dango_Daikazoku.mp3"
Feb 09 15:31 : player: played "Hurry,_Starfish.mp3"
Feb 09 15:32 : player: played "Megumeru_(From__Clannad_The_Motion_Picture_).mp3"
Feb 09 15:36 : player: played "Hakari_(Acoustic)_-_Instrumental.mp3"
Feb 09 15:39 : player: played "Komorebi.mp3"
Feb 09 15:43 : player: played "Mono_No_Aware.mp3"
Feb 09 15:46 : player: played "Roaring_Tides.mp3"
Feb 09 15:50 : player: played "Sakura.mp3"
Feb 09 15:55 : player: played "Shining_In_The_Sky.mp3"
Feb 09 15:56 : player: played "Akogare.mp3"
Feb 09 15:59 : player: played "Hinode.mp3"
Feb 09 16:02 : player: played "Ishin_denshin.mp3"
Feb 09 16:05 : player: played "Omotenashi.mp3"
Feb 09 16:08 : player: played "Oubaitori.mp3"
Feb 09 16:11 : player: played "Setsunai.mp3"
Feb 09 16:14 : player: played "Shinrin-yoku.mp3"
Feb 09 16:16 : player: played "Shirohae.mp3"
Feb 09 16:19 : player: played "Komeroshi.mp3"
Feb 09 16:23 : player: played "Shoganai.mp3"
Feb 09 16:28 : player: played "Snowfield_(Clannad_Original_Soundtrack).mp3"
Feb 09 16:32 : player: played "Spring_Wind_(Clannad).mp3"
Feb 09 16:34 : player: played "tea_party_in_the_reference_room.mp3"
Feb 09 16:37 : player: played "The_Place_Where_Wishes_Come_True.mp3"
Feb 09 16:40 : player: played "to_the_same_heights.mp3"
Feb 09 16:43 : player: played "Ukiyo.mp3"
Feb 09 16:44 : player: played "Ushio.mp3"
Feb 09 16:49 : player: played "WHITE_ALBUM.mp3"
Feb 09 16:52 : player: played "Yugen.mp3"
Feb 09 16:55 : player: played "神様はじめました.mp3"
Feb 09 16:59 : player: played "Roaring_Tides.mp3"
Feb 09 17:03 : player: played "Sora_ni_Hikaru_(From__Clannad_).mp3"
Feb 09 17:08 : player: played "Nagisa__Parting_At_The_Foot_Of_The_Hill_[Warm_Piano_Arrange]_(From__Clannad_).mp3"
Feb 09 17:09 : player: played "Toki_Wo_Kizamu_Uta_(From__Clannad_After_Story_).mp3"
Feb 09 17:11 : player: played "Kamado_Tanjiro_No_Uta.mp3"
Feb 09 17:13 : player: played "Alone.mp3"
Feb 09 17:16 : player: played "Dango_Daikazoku.mp3"
Feb 09 17:19 : player: played "Hurry,_Starfish.mp3"
Feb 09 17:25 : player: played "Megumeru_(From__Clannad_The_Motion_Picture_).mp3"
Feb 09 20:22 : config: option 'device' on line 12 was not recognized
Feb 09 21:04 : player: played "Megumeru_(From__Clannad_The_Motion_Picture_).mp3"
Feb 10 18:01 : config: option 'device' on line 12 was not recognized
Feb 11 19:34 : config: option 'device' on line 12 was not recognized
Feb 11 19:36 : player: played "Setsunai.mp3"
Feb 11 19:54 : config: option 'device' on line 12 was not recognized
Feb 11 21:03 : player: played "Shirohae.mp3"
Feb 12 20:24 : config: option 'device' on line 12 was not recognized
Feb 12 20:58 : player: played "Shirohae.mp3"
Feb 13 17:34 : config: option 'device' on line 12 was not recognized
Feb 13 20:59 : config: option 'device' on line 12 was not recognized
Feb 13 20:59 : player: played "Komeroshi.mp3"
Feb 14 18:52 : config: option 'device' on line 12 was not recognized
Feb 14 21:03 : player: played "Komeroshi.mp3"
Feb 15 09:19 : config: option 'device' on line 12 was not recognized
Feb 15 16:06 : config: option 'device' on line 12 was not recognized
Feb 15 16:10 : player: played "Komorebi.mp3"
Feb 15 20:04 : config: option 'device' on line 12 was not recognized
Feb 16 10:06 : config: option 'device' on line 12 was not recognized
Feb 16 20:07 : config: option 'device' on line 12 was not recognized
Feb 16 20:55 : player: played "Shining_In_The_Sky.mp3"
Feb 17 09:50 : config: option 'device' on line 12 was not recognized
Feb 17 19:23 : config: option 'device' on line 12 was not recognized
Feb 17 21:04 : player: played "Shirohae.mp3"
Feb 18 12:00 : config: option 'device' on line 12 was not recognized
Feb 18 13:32 : player: played "Shirohae.mp3"
Feb 18 13:35 : player: played "Komeroshi.mp3"
Feb 18 13:40 : player: played "Shoganai.mp3"
Feb 20 20:12 : config: option 'device' on line 12 was not recognized
Feb 20 20:59 : player: played "Shoganai.mp3"
Feb 21 10:33 : config: option 'device' on line 12 was not recognized
Feb 21 17:36 : player: played "Shoganai.mp3"
Feb 22 11:45 : config: option 'device' on line 12 was not recognized
Feb 22 14:02 : config: option 'device' on line 12 was not recognized
