2025-01-04 16:53:22 INFO  (LoggingInitialization) Using log config file: jar:file:/home/thomas/ghidra_11.2.1_PUBLIC/Ghidra/Framework/Generic/lib/Generic.jar!/generic.log4j.xml  
2025-01-04 16:53:22 INFO  (LoggingInitialization) Using log file: /home/thomas/.config/ghidra/ghidra_11.2.1_PUBLIC/application.log  
2025-01-04 16:53:22 INFO  (Preferences) Loading user preferences: /home/thomas/.config/ghidra/ghidra_11.2.1_PUBLIC/preferences  
2025-01-04 16:53:25 INFO  (ClassSearcher) Searching for classes...  
2025-01-04 16:53:26 INFO  (ClassSearcher) Class search complete (985 ms)  
2025-01-04 16:53:26 INFO  (SSLContextInitializer) Initializing SSL Context  
2025-01-04 16:53:26 INFO  (SecureRandomFactory) Initializing Random Number Generator...  
2025-01-04 16:53:26 INFO  (SecureRandomFactory) Random Number Generator initialization complete: NativePRNGNonBlocking  
2025-01-04 16:53:26 INFO  (ApplicationTrustManagerFactory) Trust manager disabled, cacerts have not been set  
2025-01-04 16:53:26 INFO  (GhidraRun) User thomas started Ghidra.  
2025-01-04 16:53:26 INFO  (GhidraRun) User settings directory: /home/thomas/.config/ghidra/ghidra_11.2.1_PUBLIC  
2025-01-04 16:53:26 INFO  (GhidraRun) User temp directory: /tmp/thomas-ghidra  
2025-01-04 16:53:26 INFO  (GhidraRun) User cache directory: /var/tmp/thomas-ghidra  
2025-01-04 16:53:26 DEBUG (DefaultProjectManager) No tools found; Installing default tools  
2025-01-04 16:53:26 DEBUG (DefaultProjectManager) 	no recent project directories found  
2025-01-04 16:53:27 DEBUG (RecoverySnapshotMgrPlugin) Recovery snapshot timer set to 5 minute(s)  
2025-01-04 16:53:27 INFO  (GhidraRun) Ghidra startup complete (4864 ms)  
2025-01-04 16:54:28 INFO  (LoggingInitialization) Using log config file: jar:file:/home/thomas/ghidra_11.2.1_PUBLIC/Ghidra/Framework/Generic/lib/Generic.jar!/generic.log4j.xml  
2025-01-04 16:54:28 INFO  (LoggingInitialization) Using log file: /home/thomas/.config/ghidra/ghidra_11.2.1_PUBLIC/application.log  
2025-01-04 16:54:28 INFO  (Preferences) Loading user preferences: /home/thomas/.config/ghidra/ghidra_11.2.1_PUBLIC/preferences  
2025-01-04 16:54:28 INFO  (ClassSearcher) Searching for classes...  
2025-01-04 16:54:29 INFO  (ClassSearcher) Class search complete (931 ms)  
2025-01-04 16:54:29 INFO  (SSLContextInitializer) Initializing SSL Context  
2025-01-04 16:54:29 INFO  (SecureRandomFactory) Initializing Random Number Generator...  
2025-01-04 16:54:29 INFO  (SecureRandomFactory) Random Number Generator initialization complete: NativePRNGNonBlocking  
2025-01-04 16:54:29 INFO  (ApplicationTrustManagerFactory) Trust manager disabled, cacerts have not been set  
2025-01-04 16:54:29 INFO  (GhidraRun) User thomas started Ghidra.  
2025-01-04 16:54:29 INFO  (GhidraRun) User settings directory: /home/thomas/.config/ghidra/ghidra_11.2.1_PUBLIC  
2025-01-04 16:54:29 INFO  (GhidraRun) User temp directory: /tmp/thomas-ghidra  
2025-01-04 16:54:29 INFO  (GhidraRun) User cache directory: /var/tmp/thomas-ghidra  
2025-01-04 16:54:29 DEBUG (RecoverySnapshotMgrPlugin) Recovery snapshot timer set to 5 minute(s)  
2025-01-04 16:54:29 INFO  (GhidraRun) Ghidra startup complete (1991 ms)  
2025-01-05 15:04:55 INFO  (LoggingInitialization) Using log config file: jar:file:/home/thomas/ghidra/ghidra_11.2.1_PUBLIC/Ghidra/Framework/Generic/lib/Generic.jar!/generic.log4j.xml  
2025-01-05 15:04:55 INFO  (LoggingInitialization) Using log file: /home/thomas/.config/ghidra/ghidra_11.2.1_PUBLIC/application.log  
2025-01-05 15:04:55 INFO  (Preferences) Loading user preferences: /home/thomas/.config/ghidra/ghidra_11.2.1_PUBLIC/preferences  
2025-01-05 15:04:55 INFO  (ClassSearcher) Searching for classes...  
2025-01-05 15:04:56 INFO  (ClassSearcher) Class search complete (928 ms)  
2025-01-05 15:04:56 INFO  (SSLContextInitializer) Initializing SSL Context  
2025-01-05 15:04:56 INFO  (SecureRandomFactory) Initializing Random Number Generator...  
2025-01-05 15:04:56 INFO  (SecureRandomFactory) Random Number Generator initialization complete: NativePRNGNonBlocking  
2025-01-05 15:04:56 INFO  (ApplicationTrustManagerFactory) Trust manager disabled, cacerts have not been set  
2025-01-05 15:04:56 INFO  (GhidraRun) User thomas started Ghidra.  
2025-01-05 15:04:56 INFO  (GhidraRun) User settings directory: /home/thomas/.config/ghidra/ghidra_11.2.1_PUBLIC  
2025-01-05 15:04:56 INFO  (GhidraRun) User temp directory: /tmp/thomas-ghidra  
2025-01-05 15:04:56 INFO  (GhidraRun) User cache directory: /var/tmp/thomas-ghidra  
2025-01-05 15:04:57 DEBUG (RecoverySnapshotMgrPlugin) Recovery snapshot timer set to 5 minute(s)  
2025-01-05 15:04:57 INFO  (GhidraRun) Ghidra startup complete (2344 ms)  
